<?xml version="1.0" encoding="UTF-8"?>
<testsuite name="TestVideo" tests="1" skipped="0" failures="0" errors="0" timestamp="2023-10-17T08:08:29" hostname="DESKTOP-HFG6S8F" time="62.486">
  <properties/>
  <testcase name="testLogin" classname="TestVideo" time="62.486"/>
  <system-out><![CDATA[]]></system-out>
  <system-err><![CDATA[console.warn: LoginRecipes: "Falling back to a synchronous message for: https://adminqa.onestoplms.com."
console.warn: LoginRecipes: "Falling back to a synchronous message for: https://adminqa.onestoplms.com."
]]></system-err>
</testsuite>
